<?xml version="1.0" encoding="UTF-8"?>
<!-- Generated by org.testng.reporters.JUnitXMLReporter -->
<testsuite ignored="2" hostname="Albins-iMac" failures="0" tests="1" name="Default test" time="55.468" errors="0" timestamp="25 Oct. 2021 03:35:36 GMT">
  <testcase classname="com.crm.qa.testcases.ArriveCAN_Test" name="verifywelcomePage" time="5.877"/>
  <testcase classname="com.crm.qa.testcases.ArriveCAN_Test" name="verifySignInPage" time="0.0">
    <ignored/>
  </testcase> <!-- verifySignInPage -->
  <testcase classname="com.crm.qa.testcases.ArriveCAN_Test" name="verifyTravelPurposePage" time="0.0">
    <ignored/>
  </testcase> <!-- verifyTravelPurposePage -->
</testsuite> <!-- Default test -->
