<?xml version="1.0" encoding="UTF-8"?>
<testng-results ignored="2" total="3" passed="1" failed="0" skipped="0">
  <reporter-output>
  </reporter-output>
  <suite started-at="2021-10-25T03:34:40Z" name="Default suite" finished-at="2021-10-25T03:35:35Z" duration-ms="55468">
    <groups>
    </groups>
    <test started-at="2021-10-25T03:34:40Z" name="Default test" finished-at="2021-10-25T03:35:35Z" duration-ms="55468">
      <class name="com.crm.qa.testcases.ArriveCAN_Test">
        <test-method is-config="true" signature="setUp()[pri:0, instance:com.crm.qa.testcases.ArriveCAN_Test@2d52216b]" started-at="2021-10-24T23:34:40Z" name="setUp" finished-at="2021-10-24T23:35:26Z" duration-ms="46159" status="PASS">
          <reporter-output>
          </reporter-output>
        </test-method> <!-- setUp -->
        <test-method signature="verifywelcomePage()[pri:0, instance:com.crm.qa.testcases.ArriveCAN_Test@2d52216b]" started-at="2021-10-24T23:35:26Z" name="verifywelcomePage" finished-at="2021-10-24T23:35:32Z" duration-ms="5877" status="PASS">
          <reporter-output>
          </reporter-output>
        </test-method> <!-- verifywelcomePage -->
        <test-method is-config="true" signature="tearDown()[pri:0, instance:com.crm.qa.testcases.ArriveCAN_Test@2d52216b]" started-at="2021-10-24T23:35:32Z" name="tearDown" finished-at="2021-10-24T23:35:35Z" duration-ms="3222" status="PASS">
          <reporter-output>
          </reporter-output>
        </test-method> <!-- tearDown -->
      </class> <!-- com.crm.qa.testcases.ArriveCAN_Test -->
    </test> <!-- Default test -->
  </suite> <!-- Default suite -->
</testng-results>
